<?xml version="1.0" encoding="UTF-8"?>
<testsuite xmlns:xsi="http://www.w3.org/2001/XMLSchema-instance" xsi:noNamespaceSchemaLocation="https://maven.apache.org/surefire/maven-surefire-plugin/xsd/surefire-test-report.xsd" name="com.example.springboot.SpringbootApplicationTests" time="3.543" tests="1" errors="0" skipped="0" failures="0">
  <properties>
    <property name="sun.desktop" value="windows"/>
    <property name="awt.toolkit" value="sun.awt.windows.WToolkit"/>
    <property name="file.encoding.pkg" value="sun.io"/>
    <property name="java.specification.version" value="1.8"/>
    <property name="sun.cpu.isalist" value="amd64"/>
    <property name="sun.jnu.encoding" value="GBK"/>
    <property name="java.class.path" value="D:\001_Job\001_Project\springboot\target\test-classes;D:\001_Job\001_Project\springboot\target\classes;D:\004_Software\001_JobSoftware\Maven_repo\org\springframework\boot\spring-boot-starter-jdbc\2.6.13\spring-boot-starter-jdbc-2.6.13.jar;D:\004_Software\001_JobSoftware\Maven_repo\org\springframework\boot\spring-boot-starter\2.6.13\spring-boot-starter-2.6.13.jar;D:\004_Software\001_JobSoftware\Maven_repo\org\springframework\boot\spring-boot\2.6.13\spring-boot-2.6.13.jar;D:\004_Software\001_JobSoftware\Maven_repo\org\springframework\boot\spring-boot-autoconfigure\2.6.13\spring-boot-autoconfigure-2.6.13.jar;D:\004_Software\001_JobSoftware\Maven_repo\org\springframework\boot\spring-boot-starter-logging\2.6.13\spring-boot-starter-logging-2.6.13.jar;D:\004_Software\001_JobSoftware\Maven_repo\ch\qos\logback\logback-classic\1.2.11\logback-classic-1.2.11.jar;D:\004_Software\001_JobSoftware\Maven_repo\ch\qos\logback\logback-core\1.2.11\logback-core-1.2.11.jar;D:\004_Software\001_JobSoftware\Maven_repo\org\apache\logging\log4j\log4j-to-slf4j\2.17.2\log4j-to-slf4j-2.17.2.jar;D:\004_Software\001_JobSoftware\Maven_repo\org\apache\logging\log4j\log4j-api\2.17.2\log4j-api-2.17.2.jar;D:\004_Software\001_JobSoftware\Maven_repo\org\slf4j\jul-to-slf4j\1.7.36\jul-to-slf4j-1.7.36.jar;D:\004_Software\001_JobSoftware\Maven_repo\jakarta\annotation\jakarta.annotation-api\1.3.5\jakarta.annotation-api-1.3.5.jar;D:\004_Software\001_JobSoftware\Maven_repo\org\yaml\snakeyaml\1.29\snakeyaml-1.29.jar;D:\004_Software\001_JobSoftware\Maven_repo\com\zaxxer\HikariCP\4.0.3\HikariCP-4.0.3.jar;D:\004_Software\001_JobSoftware\Maven_repo\org\slf4j\slf4j-api\1.7.36\slf4j-api-1.7.36.jar;D:\004_Software\001_JobSoftware\Maven_repo\org\springframework\spring-jdbc\5.3.23\spring-jdbc-5.3.23.jar;D:\004_Software\001_JobSoftware\Maven_repo\org\springframework\spring-beans\5.3.23\spring-beans-5.3.23.jar;D:\004_Software\001_JobSoftware\Maven_repo\org\springframework\spring-tx\5.3.23\spring-tx-5.3.23.jar;D:\004_Software\001_JobSoftware\Maven_repo\org\springframework\boot\spring-boot-starter-web\2.6.13\spring-boot-starter-web-2.6.13.jar;D:\004_Software\001_JobSoftware\Maven_repo\org\springframework\boot\spring-boot-starter-json\2.6.13\spring-boot-starter-json-2.6.13.jar;D:\004_Software\001_JobSoftware\Maven_repo\com\fasterxml\jackson\core\jackson-databind\2.13.4.2\jackson-databind-2.13.4.2.jar;D:\004_Software\001_JobSoftware\Maven_repo\com\fasterxml\jackson\core\jackson-annotations\2.13.4\jackson-annotations-2.13.4.jar;D:\004_Software\001_JobSoftware\Maven_repo\com\fasterxml\jackson\core\jackson-core\2.13.4\jackson-core-2.13.4.jar;D:\004_Software\001_JobSoftware\Maven_repo\com\fasterxml\jackson\datatype\jackson-datatype-jdk8\2.13.4\jackson-datatype-jdk8-2.13.4.jar;D:\004_Software\001_JobSoftware\Maven_repo\com\fasterxml\jackson\datatype\jackson-datatype-jsr310\2.13.4\jackson-datatype-jsr310-2.13.4.jar;D:\004_Software\001_JobSoftware\Maven_repo\com\fasterxml\jackson\module\jackson-module-parameter-names\2.13.4\jackson-module-parameter-names-2.13.4.jar;D:\004_Software\001_JobSoftware\Maven_repo\org\springframework\boot\spring-boot-starter-tomcat\2.6.13\spring-boot-starter-tomcat-2.6.13.jar;D:\004_Software\001_JobSoftware\Maven_repo\org\apache\tomcat\embed\tomcat-embed-core\9.0.68\tomcat-embed-core-9.0.68.jar;D:\004_Software\001_JobSoftware\Maven_repo\org\apache\tomcat\embed\tomcat-embed-el\9.0.68\tomcat-embed-el-9.0.68.jar;D:\004_Software\001_JobSoftware\Maven_repo\org\apache\tomcat\embed\tomcat-embed-websocket\9.0.68\tomcat-embed-websocket-9.0.68.jar;D:\004_Software\001_JobSoftware\Maven_repo\org\springframework\spring-web\5.3.23\spring-web-5.3.23.jar;D:\004_Software\001_JobSoftware\Maven_repo\org\springframework\spring-webmvc\5.3.23\spring-webmvc-5.3.23.jar;D:\004_Software\001_JobSoftware\Maven_repo\org\springframework\spring-aop\5.3.23\spring-aop-5.3.23.jar;D:\004_Software\001_JobSoftware\Maven_repo\org\springframework\spring-context\5.3.23\spring-context-5.3.23.jar;D:\004_Software\001_JobSoftware\Maven_repo\org\springframework\spring-expression\5.3.23\spring-expression-5.3.23.jar;D:\004_Software\001_JobSoftware\Maven_repo\org\mybatis\spring\boot\mybatis-spring-boot-starter\2.2.2\mybatis-spring-boot-starter-2.2.2.jar;D:\004_Software\001_JobSoftware\Maven_repo\org\mybatis\spring\boot\mybatis-spring-boot-autoconfigure\2.2.2\mybatis-spring-boot-autoconfigure-2.2.2.jar;D:\004_Software\001_JobSoftware\Maven_repo\org\mybatis\mybatis\3.5.9\mybatis-3.5.9.jar;D:\004_Software\001_JobSoftware\Maven_repo\org\mybatis\mybatis-spring\2.0.7\mybatis-spring-2.0.7.jar;D:\004_Software\001_JobSoftware\Maven_repo\com\mysql\mysql-connector-j\8.0.31\mysql-connector-j-8.0.31.jar;D:\004_Software\001_JobSoftware\Maven_repo\org\projectlombok\lombok\1.18.24\lombok-1.18.24.jar;D:\004_Software\001_JobSoftware\Maven_repo\org\springframework\boot\spring-boot-starter-test\2.6.13\spring-boot-starter-test-2.6.13.jar;D:\004_Software\001_JobSoftware\Maven_repo\org\springframework\boot\spring-boot-test\2.6.13\spring-boot-test-2.6.13.jar;D:\004_Software\001_JobSoftware\Maven_repo\org\springframework\boot\spring-boot-test-autoconfigure\2.6.13\spring-boot-test-autoconfigure-2.6.13.jar;D:\004_Software\001_JobSoftware\Maven_repo\com\jayway\jsonpath\json-path\2.6.0\json-path-2.6.0.jar;D:\004_Software\001_JobSoftware\Maven_repo\net\minidev\json-smart\2.4.8\json-smart-2.4.8.jar;D:\004_Software\001_JobSoftware\Maven_repo\net\minidev\accessors-smart\2.4.8\accessors-smart-2.4.8.jar;D:\004_Software\001_JobSoftware\Maven_repo\org\ow2\asm\asm\9.1\asm-9.1.jar;D:\004_Software\001_JobSoftware\Maven_repo\jakarta\xml\bind\jakarta.xml.bind-api\2.3.3\jakarta.xml.bind-api-2.3.3.jar;D:\004_Software\001_JobSoftware\Maven_repo\jakarta\activation\jakarta.activation-api\1.2.2\jakarta.activation-api-1.2.2.jar;D:\004_Software\001_JobSoftware\Maven_repo\org\assertj\assertj-core\3.21.0\assertj-core-3.21.0.jar;D:\004_Software\001_JobSoftware\Maven_repo\org\hamcrest\hamcrest\2.2\hamcrest-2.2.jar;D:\004_Software\001_JobSoftware\Maven_repo\org\junit\jupiter\junit-jupiter\5.8.2\junit-jupiter-5.8.2.jar;D:\004_Software\001_JobSoftware\Maven_repo\org\junit\jupiter\junit-jupiter-api\5.8.2\junit-jupiter-api-5.8.2.jar;D:\004_Software\001_JobSoftware\Maven_repo\org\opentest4j\opentest4j\1.2.0\opentest4j-1.2.0.jar;D:\004_Software\001_JobSoftware\Maven_repo\org\junit\platform\junit-platform-commons\1.8.2\junit-platform-commons-1.8.2.jar;D:\004_Software\001_JobSoftware\Maven_repo\org\apiguardian\apiguardian-api\1.1.2\apiguardian-api-1.1.2.jar;D:\004_Software\001_JobSoftware\Maven_repo\org\junit\jupiter\junit-jupiter-params\5.8.2\junit-jupiter-params-5.8.2.jar;D:\004_Software\001_JobSoftware\Maven_repo\org\junit\jupiter\junit-jupiter-engine\5.8.2\junit-jupiter-engine-5.8.2.jar;D:\004_Software\001_JobSoftware\Maven_repo\org\junit\platform\junit-platform-engine\1.8.2\junit-platform-engine-1.8.2.jar;D:\004_Software\001_JobSoftware\Maven_repo\org\mockito\mockito-core\4.0.0\mockito-core-4.0.0.jar;D:\004_Software\001_JobSoftware\Maven_repo\net\bytebuddy\byte-buddy\1.11.22\byte-buddy-1.11.22.jar;D:\004_Software\001_JobSoftware\Maven_repo\net\bytebuddy\byte-buddy-agent\1.11.22\byte-buddy-agent-1.11.22.jar;D:\004_Software\001_JobSoftware\Maven_repo\org\objenesis\objenesis\3.2\objenesis-3.2.jar;D:\004_Software\001_JobSoftware\Maven_repo\org\mockito\mockito-junit-jupiter\4.0.0\mockito-junit-jupiter-4.0.0.jar;D:\004_Software\001_JobSoftware\Maven_repo\org\skyscreamer\jsonassert\1.5.1\jsonassert-1.5.1.jar;D:\004_Software\001_JobSoftware\Maven_repo\com\vaadin\external\google\android-json\0.0.20131108.vaadin1\android-json-0.0.20131108.vaadin1.jar;D:\004_Software\001_JobSoftware\Maven_repo\org\springframework\spring-core\5.3.23\spring-core-5.3.23.jar;D:\004_Software\001_JobSoftware\Maven_repo\org\springframework\spring-jcl\5.3.23\spring-jcl-5.3.23.jar;D:\004_Software\001_JobSoftware\Maven_repo\org\springframework\spring-test\5.3.23\spring-test-5.3.23.jar;D:\004_Software\001_JobSoftware\Maven_repo\org\xmlunit\xmlunit-core\2.8.4\xmlunit-core-2.8.4.jar;D:\004_Software\001_JobSoftware\Maven_repo\org\mybatis\spring\boot\mybatis-spring-boot-starter-test\2.2.2\mybatis-spring-boot-starter-test-2.2.2.jar;D:\004_Software\001_JobSoftware\Maven_repo\org\mybatis\spring\boot\mybatis-spring-boot-test-autoconfigure\2.2.2\mybatis-spring-boot-test-autoconfigure-2.2.2.jar;"/>
    <property name="java.vm.vendor" value="Oracle Corporation"/>
    <property name="sun.arch.data.model" value="64"/>
    <property name="user.variant" value=""/>
    <property name="java.vendor.url" value="http://java.oracle.com/"/>
    <property name="user.timezone" value="Asia/Shanghai"/>
    <property name="java.vm.specification.version" value="1.8"/>
    <property name="os.name" value="Windows 10"/>
    <property name="user.country" value="CN"/>
    <property name="sun.java.launcher" value="SUN_STANDARD"/>
    <property name="sun.boot.library.path" value="C:\Program Files\Java\jdk-1.8\jre\bin"/>
    <property name="sun.java.command" value="C:\Users\11509\AppData\Local\Temp\surefire5454356784570897928\surefirebooter6503358509008137783.jar C:\Users\11509\AppData\Local\Temp\surefire5454356784570897928 2024-07-08T14-08-48_851-jvmRun1 surefire8367982462378986104tmp surefire_02021532968200718617tmp"/>
    <property name="surefire.test.class.path" value="D:\001_Job\001_Project\springboot\target\test-classes;D:\001_Job\001_Project\springboot\target\classes;D:\004_Software\001_JobSoftware\Maven_repo\org\springframework\boot\spring-boot-starter-jdbc\2.6.13\spring-boot-starter-jdbc-2.6.13.jar;D:\004_Software\001_JobSoftware\Maven_repo\org\springframework\boot\spring-boot-starter\2.6.13\spring-boot-starter-2.6.13.jar;D:\004_Software\001_JobSoftware\Maven_repo\org\springframework\boot\spring-boot\2.6.13\spring-boot-2.6.13.jar;D:\004_Software\001_JobSoftware\Maven_repo\org\springframework\boot\spring-boot-autoconfigure\2.6.13\spring-boot-autoconfigure-2.6.13.jar;D:\004_Software\001_JobSoftware\Maven_repo\org\springframework\boot\spring-boot-starter-logging\2.6.13\spring-boot-starter-logging-2.6.13.jar;D:\004_Software\001_JobSoftware\Maven_repo\ch\qos\logback\logback-classic\1.2.11\logback-classic-1.2.11.jar;D:\004_Software\001_JobSoftware\Maven_repo\ch\qos\logback\logback-core\1.2.11\logback-core-1.2.11.jar;D:\004_Software\001_JobSoftware\Maven_repo\org\apache\logging\log4j\log4j-to-slf4j\2.17.2\log4j-to-slf4j-2.17.2.jar;D:\004_Software\001_JobSoftware\Maven_repo\org\apache\logging\log4j\log4j-api\2.17.2\log4j-api-2.17.2.jar;D:\004_Software\001_JobSoftware\Maven_repo\org\slf4j\jul-to-slf4j\1.7.36\jul-to-slf4j-1.7.36.jar;D:\004_Software\001_JobSoftware\Maven_repo\jakarta\annotation\jakarta.annotation-api\1.3.5\jakarta.annotation-api-1.3.5.jar;D:\004_Software\001_JobSoftware\Maven_repo\org\yaml\snakeyaml\1.29\snakeyaml-1.29.jar;D:\004_Software\001_JobSoftware\Maven_repo\com\zaxxer\HikariCP\4.0.3\HikariCP-4.0.3.jar;D:\004_Software\001_JobSoftware\Maven_repo\org\slf4j\slf4j-api\1.7.36\slf4j-api-1.7.36.jar;D:\004_Software\001_JobSoftware\Maven_repo\org\springframework\spring-jdbc\5.3.23\spring-jdbc-5.3.23.jar;D:\004_Software\001_JobSoftware\Maven_repo\org\springframework\spring-beans\5.3.23\spring-beans-5.3.23.jar;D:\004_Software\001_JobSoftware\Maven_repo\org\springframework\spring-tx\5.3.23\spring-tx-5.3.23.jar;D:\004_Software\001_JobSoftware\Maven_repo\org\springframework\boot\spring-boot-starter-web\2.6.13\spring-boot-starter-web-2.6.13.jar;D:\004_Software\001_JobSoftware\Maven_repo\org\springframework\boot\spring-boot-starter-json\2.6.13\spring-boot-starter-json-2.6.13.jar;D:\004_Software\001_JobSoftware\Maven_repo\com\fasterxml\jackson\core\jackson-databind\2.13.4.2\jackson-databind-2.13.4.2.jar;D:\004_Software\001_JobSoftware\Maven_repo\com\fasterxml\jackson\core\jackson-annotations\2.13.4\jackson-annotations-2.13.4.jar;D:\004_Software\001_JobSoftware\Maven_repo\com\fasterxml\jackson\core\jackson-core\2.13.4\jackson-core-2.13.4.jar;D:\004_Software\001_JobSoftware\Maven_repo\com\fasterxml\jackson\datatype\jackson-datatype-jdk8\2.13.4\jackson-datatype-jdk8-2.13.4.jar;D:\004_Software\001_JobSoftware\Maven_repo\com\fasterxml\jackson\datatype\jackson-datatype-jsr310\2.13.4\jackson-datatype-jsr310-2.13.4.jar;D:\004_Software\001_JobSoftware\Maven_repo\com\fasterxml\jackson\module\jackson-module-parameter-names\2.13.4\jackson-module-parameter-names-2.13.4.jar;D:\004_Software\001_JobSoftware\Maven_repo\org\springframework\boot\spring-boot-starter-tomcat\2.6.13\spring-boot-starter-tomcat-2.6.13.jar;D:\004_Software\001_JobSoftware\Maven_repo\org\apache\tomcat\embed\tomcat-embed-core\9.0.68\tomcat-embed-core-9.0.68.jar;D:\004_Software\001_JobSoftware\Maven_repo\org\apache\tomcat\embed\tomcat-embed-el\9.0.68\tomcat-embed-el-9.0.68.jar;D:\004_Software\001_JobSoftware\Maven_repo\org\apache\tomcat\embed\tomcat-embed-websocket\9.0.68\tomcat-embed-websocket-9.0.68.jar;D:\004_Software\001_JobSoftware\Maven_repo\org\springframework\spring-web\5.3.23\spring-web-5.3.23.jar;D:\004_Software\001_JobSoftware\Maven_repo\org\springframework\spring-webmvc\5.3.23\spring-webmvc-5.3.23.jar;D:\004_Software\001_JobSoftware\Maven_repo\org\springframework\spring-aop\5.3.23\spring-aop-5.3.23.jar;D:\004_Software\001_JobSoftware\Maven_repo\org\springframework\spring-context\5.3.23\spring-context-5.3.23.jar;D:\004_Software\001_JobSoftware\Maven_repo\org\springframework\spring-expression\5.3.23\spring-expression-5.3.23.jar;D:\004_Software\001_JobSoftware\Maven_repo\org\mybatis\spring\boot\mybatis-spring-boot-starter\2.2.2\mybatis-spring-boot-starter-2.2.2.jar;D:\004_Software\001_JobSoftware\Maven_repo\org\mybatis\spring\boot\mybatis-spring-boot-autoconfigure\2.2.2\mybatis-spring-boot-autoconfigure-2.2.2.jar;D:\004_Software\001_JobSoftware\Maven_repo\org\mybatis\mybatis\3.5.9\mybatis-3.5.9.jar;D:\004_Software\001_JobSoftware\Maven_repo\org\mybatis\mybatis-spring\2.0.7\mybatis-spring-2.0.7.jar;D:\004_Software\001_JobSoftware\Maven_repo\com\mysql\mysql-connector-j\8.0.31\mysql-connector-j-8.0.31.jar;D:\004_Software\001_JobSoftware\Maven_repo\org\projectlombok\lombok\1.18.24\lombok-1.18.24.jar;D:\004_Software\001_JobSoftware\Maven_repo\org\springframework\boot\spring-boot-starter-test\2.6.13\spring-boot-starter-test-2.6.13.jar;D:\004_Software\001_JobSoftware\Maven_repo\org\springframework\boot\spring-boot-test\2.6.13\spring-boot-test-2.6.13.jar;D:\004_Software\001_JobSoftware\Maven_repo\org\springframework\boot\spring-boot-test-autoconfigure\2.6.13\spring-boot-test-autoconfigure-2.6.13.jar;D:\004_Software\001_JobSoftware\Maven_repo\com\jayway\jsonpath\json-path\2.6.0\json-path-2.6.0.jar;D:\004_Software\001_JobSoftware\Maven_repo\net\minidev\json-smart\2.4.8\json-smart-2.4.8.jar;D:\004_Software\001_JobSoftware\Maven_repo\net\minidev\accessors-smart\2.4.8\accessors-smart-2.4.8.jar;D:\004_Software\001_JobSoftware\Maven_repo\org\ow2\asm\asm\9.1\asm-9.1.jar;D:\004_Software\001_JobSoftware\Maven_repo\jakarta\xml\bind\jakarta.xml.bind-api\2.3.3\jakarta.xml.bind-api-2.3.3.jar;D:\004_Software\001_JobSoftware\Maven_repo\jakarta\activation\jakarta.activation-api\1.2.2\jakarta.activation-api-1.2.2.jar;D:\004_Software\001_JobSoftware\Maven_repo\org\assertj\assertj-core\3.21.0\assertj-core-3.21.0.jar;D:\004_Software\001_JobSoftware\Maven_repo\org\hamcrest\hamcrest\2.2\hamcrest-2.2.jar;D:\004_Software\001_JobSoftware\Maven_repo\org\junit\jupiter\junit-jupiter\5.8.2\junit-jupiter-5.8.2.jar;D:\004_Software\001_JobSoftware\Maven_repo\org\junit\jupiter\junit-jupiter-api\5.8.2\junit-jupiter-api-5.8.2.jar;D:\004_Software\001_JobSoftware\Maven_repo\org\opentest4j\opentest4j\1.2.0\opentest4j-1.2.0.jar;D:\004_Software\001_JobSoftware\Maven_repo\org\junit\platform\junit-platform-commons\1.8.2\junit-platform-commons-1.8.2.jar;D:\004_Software\001_JobSoftware\Maven_repo\org\apiguardian\apiguardian-api\1.1.2\apiguardian-api-1.1.2.jar;D:\004_Software\001_JobSoftware\Maven_repo\org\junit\jupiter\junit-jupiter-params\5.8.2\junit-jupiter-params-5.8.2.jar;D:\004_Software\001_JobSoftware\Maven_repo\org\junit\jupiter\junit-jupiter-engine\5.8.2\junit-jupiter-engine-5.8.2.jar;D:\004_Software\001_JobSoftware\Maven_repo\org\junit\platform\junit-platform-engine\1.8.2\junit-platform-engine-1.8.2.jar;D:\004_Software\001_JobSoftware\Maven_repo\org\mockito\mockito-core\4.0.0\mockito-core-4.0.0.jar;D:\004_Software\001_JobSoftware\Maven_repo\net\bytebuddy\byte-buddy\1.11.22\byte-buddy-1.11.22.jar;D:\004_Software\001_JobSoftware\Maven_repo\net\bytebuddy\byte-buddy-agent\1.11.22\byte-buddy-agent-1.11.22.jar;D:\004_Software\001_JobSoftware\Maven_repo\org\objenesis\objenesis\3.2\objenesis-3.2.jar;D:\004_Software\001_JobSoftware\Maven_repo\org\mockito\mockito-junit-jupiter\4.0.0\mockito-junit-jupiter-4.0.0.jar;D:\004_Software\001_JobSoftware\Maven_repo\org\skyscreamer\jsonassert\1.5.1\jsonassert-1.5.1.jar;D:\004_Software\001_JobSoftware\Maven_repo\com\vaadin\external\google\android-json\0.0.20131108.vaadin1\android-json-0.0.20131108.vaadin1.jar;D:\004_Software\001_JobSoftware\Maven_repo\org\springframework\spring-core\5.3.23\spring-core-5.3.23.jar;D:\004_Software\001_JobSoftware\Maven_repo\org\springframework\spring-jcl\5.3.23\spring-jcl-5.3.23.jar;D:\004_Software\001_JobSoftware\Maven_repo\org\springframework\spring-test\5.3.23\spring-test-5.3.23.jar;D:\004_Software\001_JobSoftware\Maven_repo\org\xmlunit\xmlunit-core\2.8.4\xmlunit-core-2.8.4.jar;D:\004_Software\001_JobSoftware\Maven_repo\org\mybatis\spring\boot\mybatis-spring-boot-starter-test\2.2.2\mybatis-spring-boot-starter-test-2.2.2.jar;D:\004_Software\001_JobSoftware\Maven_repo\org\mybatis\spring\boot\mybatis-spring-boot-test-autoconfigure\2.2.2\mybatis-spring-boot-test-autoconfigure-2.2.2.jar;"/>
    <property name="sun.cpu.endian" value="little"/>
    <property name="user.home" value="C:\Users\11509"/>
    <property name="user.language" value="zh"/>
    <property name="java.specification.vendor" value="Oracle Corporation"/>
    <property name="java.home" value="C:\Program Files\Java\jdk-1.8\jre"/>
    <property name="basedir" value="D:\001_Job\001_Project\springboot"/>
    <property name="file.separator" value="\"/>
    <property name="line.separator" value="&#10;"/>
    <property name="java.vm.specification.vendor" value="Oracle Corporation"/>
    <property name="java.specification.name" value="Java Platform API Specification"/>
    <property name="java.awt.graphicsenv" value="sun.awt.Win32GraphicsEnvironment"/>
    <property name="surefire.real.class.path" value="C:\Users\11509\AppData\Local\Temp\surefire5454356784570897928\surefirebooter6503358509008137783.jar"/>
    <property name="sun.boot.class.path" value="C:\Program Files\Java\jdk-1.8\jre\lib\resources.jar;C:\Program Files\Java\jdk-1.8\jre\lib\rt.jar;C:\Program Files\Java\jdk-1.8\jre\lib\jsse.jar;C:\Program Files\Java\jdk-1.8\jre\lib\jce.jar;C:\Program Files\Java\jdk-1.8\jre\lib\charsets.jar;C:\Program Files\Java\jdk-1.8\jre\lib\jfr.jar;C:\Program Files\Java\jdk-1.8\jre\classes"/>
    <property name="user.script" value=""/>
    <property name="sun.management.compiler" value="HotSpot 64-Bit Tiered Compilers"/>
    <property name="java.runtime.version" value="1.8.0_371-b11"/>
    <property name="user.name" value="11509"/>
    <property name="path.separator" value=";"/>
    <property name="os.version" value="10.0"/>
    <property name="java.endorsed.dirs" value="C:\Program Files\Java\jdk-1.8\jre\lib\endorsed"/>
    <property name="java.runtime.name" value="Java(TM) SE Runtime Environment"/>
    <property name="file.encoding" value="GBK"/>
    <property name="java.vm.name" value="Java HotSpot(TM) 64-Bit Server VM"/>
    <property name="localRepository" value="D:\004_Software\001_JobSoftware\Maven_repo"/>
    <property name="java.vendor.url.bug" value="http://bugreport.sun.com/bugreport/"/>
    <property name="java.io.tmpdir" value="C:\Users\11509\AppData\Local\Temp\"/>
    <property name="idea.version" value="2022.3.3"/>
    <property name="java.version" value="1.8.0_371"/>
    <property name="user.dir" value="D:\001_Job\001_Project\springboot"/>
    <property name="os.arch" value="amd64"/>
    <property name="java.vm.specification.name" value="Java Virtual Machine Specification"/>
    <property name="java.awt.printerjob" value="sun.awt.windows.WPrinterJob"/>
    <property name="sun.os.patch.level" value=""/>
    <property name="java.library.path" value="C:\Program Files\Java\jdk-1.8\jre\bin;C:\WINDOWS\Sun\Java\bin;C:\WINDOWS\system32;C:\WINDOWS;D:\004_Software\002_DailySoftware\vmware\bin\;C:\Program Files (x86)\Common Files\Oracle\Java\javapath;C:\Program Files (x86)\Intel\Intel(R) Management Engine Components\iCLS\;C:\Program Files\Intel\Intel(R) Management Engine Components\iCLS\;C:\WINDOWS\system32;C:\WINDOWS;C:\WINDOWS\System32\Wbem;C:\WINDOWS\System32\WindowsPowerShell\v1.0\;C:\WINDOWS\System32\OpenSSH\;C:\Program Files (x86)\Intel\Intel(R) Management Engine Components\DAL;C:\Program Files\Intel\Intel(R) Management Engine Components\DAL;C:\Program Files\Java\jdk-1.8\bin;D:\004_Software\001_JobSoftware\Maven\apache-maven-3.8.1\bin;D:\002_Learn\111Hadoop\winutils-master\hadoop-3.2.1bin;D:\004_Software\001_JobSoftware\mysql-8.1.0-winx64;D:\004_Software\001_JobSoftware\mysql-8.1.0-winx64\bin;C:\Users\11509\AppData\Local\Microsoft\WindowsApps;;D:\004_Software\001_JobSoftware\IDEA\IntelliJ IDEA 2022.3.3\bin;;."/>
    <property name="java.vm.info" value="mixed mode"/>
    <property name="java.vendor" value="Oracle Corporation"/>
    <property name="java.vm.version" value="25.371-b11"/>
    <property name="java.specification.maintenance.version" value="4"/>
    <property name="java.ext.dirs" value="C:\Program Files\Java\jdk-1.8\jre\lib\ext;C:\WINDOWS\Sun\Java\lib\ext"/>
    <property name="sun.io.unicode.encoding" value="UnicodeLittle"/>
    <property name="maven.repo.local" value="D:\004_Software\001_JobSoftware\Maven_repo"/>
    <property name="java.class.version" value="52.0"/>
  </properties>
  <testcase name="contextLoads" classname="com.example.springboot.SpringbootApplicationTests" time="0.489"/>
</testsuite>